

Version:	3.6
CmdLine:	C:\Users\jcarlett\Downloads\WebScraperApp\out\artifacts\WebScraperApp\FleetScraper.exe --l4j-debug
WOW64:		yes
Working dir:	C:\Users\jcarlett\Downloads\WebScraperApp\out\artifacts\WebScraperApp\.
Bundled JRE:	JDK8\
Check launcher:	C:\Users\jcarlett\Downloads\WebScraperApp\out\artifacts\WebScraperApp\JDK8\bin\javaw.exe (OK)
Launcher:	C:\Users\jcarlett\Downloads\WebScraperApp\out\artifacts\WebScraperApp\JDK8\bin\javaw.exe
Launcher args:	-jar "C:\Users\jcarlett\Downloads\WebScraperApp\out\artifacts\WebScraperApp\FleetScraper.exe"
Args length:	93/32768 chars
Exit code:	0


Version:	3.6
CmdLine:	C:\Users\jcarlett\Downloads\WebScraperApp\out\artifacts\WebScraperApp\FleetScraper.exe --l4j-debug
WOW64:		yes
Working dir:	C:\Users\jcarlett\Downloads\WebScraperApp\out\artifacts\WebScraperApp\.
Bundled JRE:	\JDK8\
Check launcher:	\JDK8\bin\javaw.exe (not found)
Error msg:	This application was configured to use a bundled Java Runtime Environment but the runtime is missing or corrupted.


Version:	3.6
CmdLine:	C:\Users\jcarlett\Downloads\WebScraperApp\out\artifacts\WebScraperApp\FleetScraper.exe --l4j-debug
WOW64:		yes
Working dir:	C:\Users\jcarlett\Downloads\WebScraperApp\out\artifacts\WebScraperApp\.
Bundled JRE:	..\JDK8\
Check launcher:	C:\Users\jcarlett\Downloads\WebScraperApp\out\artifacts\WebScraperApp\..\JDK8\bin\javaw.exe (not found)
Error msg:	This application was configured to use a bundled Java Runtime Environment but the runtime is missing or corrupted.


Version:	3.6
CmdLine:	C:\Users\jcarlett\Downloads\WebScraperApp\out\artifacts\WebScraperApp\FleetScraper.exe --l4j-debug
WOW64:		yes
Working dir:	C:\Users\jcarlett\Downloads\WebScraperApp\out\artifacts\WebScraperApp\.
Bundled JRE:	JDK8\
Check launcher:	C:\Users\jcarlett\Downloads\WebScraperApp\out\artifacts\WebScraperApp\JDK8\bin\javaw.exe (OK)
Launcher:	C:\Users\jcarlett\Downloads\WebScraperApp\out\artifacts\WebScraperApp\JDK8\bin\javaw.exe
Launcher args:	-jar "C:\Users\jcarlett\Downloads\WebScraperApp\out\artifacts\WebScraperApp\FleetScraper.exe"
Args length:	93/32768 chars
Exit code:	0


Version:	3.6
CmdLine:	C:\Users\jcarlett\Downloads\WebScraperApp\out\artifacts\WebScraperApp\FleetScraper.exe --l4j-debug
WOW64:		yes
Working dir:	C:\Users\jcarlett\Downloads\WebScraperApp\out\artifacts\WebScraperApp\.
Bundled JRE:	JDK8\
Check launcher:	C:\Users\jcarlett\Downloads\WebScraperApp\out\artifacts\WebScraperApp\JDK8\bin\javaw.exe (OK)
Launcher:	C:\Users\jcarlett\Downloads\WebScraperApp\out\artifacts\WebScraperApp\JDK8\bin\javaw.exe
Launcher args:	-jar "C:\Users\jcarlett\Downloads\WebScraperApp\out\artifacts\WebScraperApp\FleetScraper.exe"
Args length:	93/32768 chars
Exit code:	0


Version:	3.6
CmdLine:	C:\Users\jcarlett\Downloads\WebScraperApp\out\artifacts\WebScraperApp\FleetScraper.exe --l4j-debug
WOW64:		yes
Working dir:	C:\Users\jcarlett\Downloads\WebScraperApp\out\artifacts\WebScraperApp\.
Bundled JRE:	JDK8\bin\
Check launcher:	C:\Users\jcarlett\Downloads\WebScraperApp\out\artifacts\WebScraperApp\JDK8\bin\bin\javaw.exe (not found)
Error msg:	This application was configured to use a bundled Java Runtime Environment but the runtime is missing or corrupted.


Version:	3.6
CmdLine:	C:\Users\jcarlett\Downloads\WebScraperApp\out\artifacts\WebScraperApp\FleetScraper.exe --l4j-debug
WOW64:		yes
Working dir:	C:\Users\jcarlett\Downloads\WebScraperApp\out\artifacts\WebScraperApp\.
Bundled JRE:	JDK8\bin\
Check launcher:	C:\Users\jcarlett\Downloads\WebScraperApp\out\artifacts\WebScraperApp\JDK8\bin\bin\javaw.exe (not found)
Error msg:	This application was configured to use a bundled Java Runtime Environment but the runtime is missing or corrupted.


Version:	3.6
CmdLine:	C:\Users\jcarlett\Downloads\WebScraperApp\out\artifacts\WebScraperApp\FleetScraper.exe --l4j-debug
WOW64:		yes
Working dir:	C:\Users\jcarlett\Downloads\WebScraperApp\out\artifacts\WebScraperApp\.
Bundled JRE:	JDK8\jre\
Check launcher:	C:\Users\jcarlett\Downloads\WebScraperApp\out\artifacts\WebScraperApp\JDK8\jre\bin\javaw.exe (OK)
Launcher:	C:\Users\jcarlett\Downloads\WebScraperApp\out\artifacts\WebScraperApp\JDK8\jre\bin\javaw.exe
Launcher args:	-jar "C:\Users\jcarlett\Downloads\WebScraperApp\out\artifacts\WebScraperApp\FleetScraper.exe"
Args length:	93/32768 chars
Exit code:	0


Version:	3.6
CmdLine:	C:\Users\jcarlett\Downloads\WebScraperApp\out\artifacts\WebScraperApp\FleetScraper.exe --l4j-debug
WOW64:		yes
Working dir:	C:\Users\jcarlett\Downloads\WebScraperApp\out\artifacts\WebScraperApp\.
Bundled JRE:	JDK8\jre
Check launcher:	C:\Users\jcarlett\Downloads\WebScraperApp\out\artifacts\WebScraperApp\JDK8\jre\bin\javaw.exe (OK)
Launcher:	C:\Users\jcarlett\Downloads\WebScraperApp\out\artifacts\WebScraperApp\JDK8\jre\bin\javaw.exe
Launcher args:	-jar "C:\Users\jcarlett\Downloads\WebScraperApp\out\artifacts\WebScraperApp\FleetScraper.exe"
Args length:	93/32768 chars
Exit code:	0


Version:	3.6
CmdLine:	C:\Users\jcarlett\Downloads\WebScraperApp\out\artifacts\WebScraperApp\FleetScraper.exe --l4j-debug
WOW64:		yes
Working dir:	C:\Users\jcarlett\Downloads\WebScraperApp\out\artifacts\WebScraperApp\.
Bundled JRE:	JDK8\jre
Check launcher:	C:\Users\jcarlett\Downloads\WebScraperApp\out\artifacts\WebScraperApp\JDK8\jre\bin\javaw.exe (OK)
Launcher:	C:\Users\jcarlett\Downloads\WebScraperApp\out\artifacts\WebScraperApp\JDK8\jre\bin\javaw.exe
Launcher args:	-jar "C:\Users\jcarlett\Downloads\WebScraperApp\out\artifacts\WebScraperApp\WebScraperApp.jar"
Args length:	94/32768 chars
Exit code:	0


Version:	3.6
CmdLine:	C:\Users\jcarlett\Downloads\WebScraperApp\out\artifacts\WebScraperApp\FleetScraper.exe --l4j-debug
WOW64:		yes
Working dir:	C:\Users\jcarlett\Downloads\WebScraperApp\out\artifacts\WebScraperApp\.
Bundled JRE:	JDK8\
Check launcher:	C:\Users\jcarlett\Downloads\WebScraperApp\out\artifacts\WebScraperApp\JDK8\bin\javaw.exe (OK)
Launcher:	C:\Users\jcarlett\Downloads\WebScraperApp\out\artifacts\WebScraperApp\JDK8\bin\javaw.exe
Launcher args:	-jar "C:\Users\jcarlett\Downloads\WebScraperApp\out\artifacts\WebScraperApp\WebScraperApp.jar"
Args length:	94/32768 chars
Exit code:	0


Version:	3.6
CmdLine:	C:\Users\jcarlett\Downloads\WebScraperApp\out\artifacts\WebScraperApp\FleetScraper.exe --l4j-debug
WOW64:		yes
Working dir:	C:\Users\jcarlett\Downloads\WebScraperApp\out\artifacts\WebScraperApp\.
Bundled JRE:	JDK8\
Check launcher:	C:\Users\jcarlett\Downloads\WebScraperApp\out\artifacts\WebScraperApp\JDK8\bin\javaw.exe (OK)
Launcher:	C:\Users\jcarlett\Downloads\WebScraperApp\out\artifacts\WebScraperApp\JDK8\bin\javaw.exe
Launcher args:	-jar "C:\Users\jcarlett\Downloads\WebScraperApp\out\artifacts\WebScraperApp\WebScraperApp.jar"
Args length:	94/32768 chars
Exit code:	0


Version:	3.6
CmdLine:	C:\Users\jcarlett\Downloads\WebScraperApp\out\artifacts\WebScraperApp\FleetScraper.exe --l4j-debug
WOW64:		yes
Working dir:	C:\Users\jcarlett\Downloads\WebScraperApp\out\artifacts\WebScraperApp\.
Bundled JRE:	\JDK8\jre\
Check launcher:	\JDK8\jre\bin\javaw.exe (not found)
Error msg:	This application was configured to use a bundled Java Runtime Environment but the runtime is missing or corrupted.


Version:	3.6
CmdLine:	C:\Users\jcarlett\Downloads\WebScraperApp\out\artifacts\WebScraperApp\FleetScraper.exe --l4j-debug
WOW64:		yes
Working dir:	C:\Users\jcarlett\Downloads\WebScraperApp\out\artifacts\WebScraperApp\.
Bundled JRE:	\JDK8\jre\
Check launcher:	\JDK8\jre\bin\javaw.exe (not found)
Error msg:	This application was configured to use a bundled Java Runtime Environment but the runtime is missing or corrupted.


Version:	3.6
CmdLine:	C:\Users\jcarlett\Downloads\WebScraperApp\out\artifacts\WebScraperApp\FleetScraper.exe --l4j-debug
WOW64:		yes
Working dir:	C:\Users\jcarlett\Downloads\WebScraperApp\out\artifacts\WebScraperApp\.
Bundled JRE:	\JDK8\jre\
Check launcher:	\JDK8\jre\bin\javaw.exe (not found)
Error msg:	This application was configured to use a bundled Java Runtime Environment but the runtime is missing or corrupted.


Version:	3.6
CmdLine:	C:\Users\jcarlett\Downloads\WebScraperApp\out\artifacts\WebScraperApp\FleetScraper.exe --l4j-debug
WOW64:		yes
Working dir:	C:\Users\jcarlett\Downloads\WebScraperApp\out\artifacts\WebScraperApp\.
Bundled JRE:	\JDK8\jre\
Check launcher:	\JDK8\jre\bin\javaw.exe (not found)
Error msg:	This application was configured to use a bundled Java Runtime Environment but the runtime is missing or corrupted.


Version:	3.6
CmdLine:	C:\Users\jcarlett\Downloads\WebScraperApp\out\artifacts\WebScraperApp\FleetScraper.exe --l4j-debug
WOW64:		yes
Working dir:	C:\Users\jcarlett\Downloads\WebScraperApp\out\artifacts\WebScraperApp\.
Bundled JRE:	JDK8\jre\
Check launcher:	C:\Users\jcarlett\Downloads\WebScraperApp\out\artifacts\WebScraperApp\JDK8\jre\bin\javaw.exe (OK)
Launcher:	C:\Users\jcarlett\Downloads\WebScraperApp\out\artifacts\WebScraperApp\JDK8\jre\bin\javaw.exe
Launcher args:	-jar "C:\Users\jcarlett\Downloads\WebScraperApp\out\artifacts\WebScraperApp\WebScraperApp.jar"
Args length:	94/32768 chars
Exit code:	0


Version:	3.6
CmdLine:	C:\Users\jcarlett\Downloads\WebScraperApp\out\artifacts\WebScraperApp\FleetScraper.exe --l4j-debug
WOW64:		yes
Working dir:	C:\Users\jcarlett\Downloads\WebScraperApp\out\artifacts\WebScraperApp\.
Bundled JRE:	JDK8\jre
Check launcher:	C:\Users\jcarlett\Downloads\WebScraperApp\out\artifacts\WebScraperApp\JDK8\jre\bin\javaw.exe (OK)
Launcher:	C:\Users\jcarlett\Downloads\WebScraperApp\out\artifacts\WebScraperApp\JDK8\jre\bin\javaw.exe
Launcher args:	-jar "C:\Users\jcarlett\Downloads\WebScraperApp\out\artifacts\WebScraperApp\FleetScraper.exe"
Args length:	93/32768 chars
Exit code:	0


Version:	3.6
CmdLine:	C:\Users\jcarlett\Downloads\WebScraperApp\out\artifacts\WebScraperApp\FleetScraper.exe --l4j-debug
WOW64:		yes
Working dir:	C:\Users\jcarlett\Downloads\WebScraperApp\out\artifacts\WebScraperApp\.
Bundled JRE:	JDK8\jre
Check launcher:	C:\Users\jcarlett\Downloads\WebScraperApp\out\artifacts\WebScraperApp\JDK8\jre\bin\javaw.exe (OK)
Launcher:	C:\Users\jcarlett\Downloads\WebScraperApp\out\artifacts\WebScraperApp\JDK8\jre\bin\javaw.exe
Launcher args:	-jar "C:\Users\jcarlett\Downloads\WebScraperApp\out\artifacts\WebScraperApp\FleetScraper.exe"
Args length:	93/32768 chars
Exit code:	0


Version:	3.6
CmdLine:	C:\Users\jcarlett\Downloads\WebScraperApp\out\artifacts\WebScraperApp\FleetScraper.exe --l4j-debug
WOW64:		yes
Working dir:	C:\Users\jcarlett\Downloads\WebScraperApp\out\artifacts\WebScraperApp\.
Bundled JRE:	JDK8\jre
Check launcher:	C:\Users\jcarlett\Downloads\WebScraperApp\out\artifacts\WebScraperApp\JDK8\jre\bin\javaw.exe (OK)
Launcher:	C:\Users\jcarlett\Downloads\WebScraperApp\out\artifacts\WebScraperApp\JDK8\jre\bin\javaw.exe
Launcher args:	-jar "C:\Users\jcarlett\Downloads\WebScraperApp\out\artifacts\WebScraperApp\FleetScraper.exe"
Args length:	93/32768 chars
Exit code:	0


Version:	3.6
CmdLine:	C:\Users\jcarlett\Downloads\WebScraperApp\out\artifacts\WebScraperApp\FleetScraper.exe --l4j-debug
WOW64:		yes
Working dir:	C:\Users\jcarlett\Downloads\WebScraperApp\out\artifacts\WebScraperApp\.
Bundled JRE:	JDK8\jre
Check launcher:	C:\Users\jcarlett\Downloads\WebScraperApp\out\artifacts\WebScraperApp\JDK8\jre\bin\javaw.exe (OK)
Launcher:	C:\Users\jcarlett\Downloads\WebScraperApp\out\artifacts\WebScraperApp\JDK8\jre\bin\javaw.exe
Launcher args:	-jar "C:\Users\jcarlett\Downloads\WebScraperApp\out\artifacts\WebScraperApp\FleetScraper.exe"
Args length:	93/32768 chars
Exit code:	0


Version:	3.6
CmdLine:	C:\Users\jcarlett\Downloads\WebScraperApp\out\artifacts\WebScraperApp\FleetScraper.exe --l4j-debug
WOW64:		yes
Working dir:	C:\Users\jcarlett\Downloads\WebScraperApp\out\artifacts\WebScraperApp\.
Bundled JRE:	JDK8\jre
Check launcher:	C:\Users\jcarlett\Downloads\WebScraperApp\out\artifacts\WebScraperApp\JDK8\jre\bin\javaw.exe (OK)
Launcher:	C:\Users\jcarlett\Downloads\WebScraperApp\out\artifacts\WebScraperApp\JDK8\jre\bin\javaw.exe
Launcher args:	-jar "C:\Users\jcarlett\Downloads\WebScraperApp\out\artifacts\WebScraperApp\FleetScraper.exe"
Args length:	93/32768 chars
Exit code:	0


Version:	3.6
CmdLine:	C:\Users\jcarlett\Downloads\WebScraperApp\out\artifacts\WebScraperApp\FleetScraper.exe --l4j-debug
WOW64:		yes
Working dir:	C:\Users\jcarlett\Downloads\WebScraperApp\out\artifacts\WebScraperApp\.
Bundled JRE:	JDK8\jre
Check launcher:	C:\Users\jcarlett\Downloads\WebScraperApp\out\artifacts\WebScraperApp\JDK8\jre\bin\javaw.exe (OK)
Launcher:	C:\Users\jcarlett\Downloads\WebScraperApp\out\artifacts\WebScraperApp\JDK8\jre\bin\javaw.exe
Launcher args:	-jar "C:\Users\jcarlett\Downloads\WebScraperApp\out\artifacts\WebScraperApp\FleetScraper.exe"
Args length:	93/32768 chars
Exit code:	0


Version:	3.6
CmdLine:	C:\Users\jcarlett\Downloads\WebScraperApp\out\artifacts\WebScraperApp\FleetScraper.exe --l4j-debug
WOW64:		yes
Working dir:	C:\Users\jcarlett\Downloads\WebScraperApp\out\artifacts\WebScraperApp\.
Bundled JRE:	JDK8\jre
Check launcher:	C:\Users\jcarlett\Downloads\WebScraperApp\out\artifacts\WebScraperApp\JDK8\jre\bin\javaw.exe (OK)
Launcher:	C:\Users\jcarlett\Downloads\WebScraperApp\out\artifacts\WebScraperApp\JDK8\jre\bin\javaw.exe
Launcher args:	-jar "C:\Users\jcarlett\Downloads\WebScraperApp\out\artifacts\WebScraperApp\FleetScraper.exe"
Args length:	93/32768 chars
Exit code:	0


Version:	3.6
CmdLine:	C:\Users\jcarlett\Downloads\WebScraperApp\out\artifacts\WebScraperApp\FleetScraper.exe --l4j-debug
WOW64:		yes
Working dir:	C:\Users\jcarlett\Downloads\WebScraperApp\out\artifacts\WebScraperApp\.
Bundled JRE:	JDK8\jre
Check launcher:	C:\Users\jcarlett\Downloads\WebScraperApp\out\artifacts\WebScraperApp\JDK8\jre\bin\javaw.exe (OK)
Launcher:	C:\Users\jcarlett\Downloads\WebScraperApp\out\artifacts\WebScraperApp\JDK8\jre\bin\javaw.exe
Launcher args:	-jar "C:\Users\jcarlett\Downloads\WebScraperApp\out\artifacts\WebScraperApp\FleetScraper.exe"
Args length:	93/32768 chars
Exit code:	0


Version:	3.6
CmdLine:	C:\Users\jcarlett\Downloads\WebScraperApp\out\artifacts\WebScraperApp\FleetScraper.exe --l4j-debug
WOW64:		yes
Working dir:	C:\Users\jcarlett\Downloads\WebScraperApp\out\artifacts\WebScraperApp\.
Bundled JRE:	JDK8\jre
Check launcher:	C:\Users\jcarlett\Downloads\WebScraperApp\out\artifacts\WebScraperApp\JDK8\jre\bin\javaw.exe (OK)
Launcher:	C:\Users\jcarlett\Downloads\WebScraperApp\out\artifacts\WebScraperApp\JDK8\jre\bin\javaw.exe
Launcher args:	-jar "C:\Users\jcarlett\Downloads\WebScraperApp\out\artifacts\WebScraperApp\FleetScraper.exe"
Args length:	93/32768 chars
Exit code:	0


Version:	3.6
CmdLine:	C:\Users\jcarlett\Downloads\WebScraperApp\out\artifacts\WebScraperApp\FleetScraper.exe --l4j-debug
WOW64:		yes
Working dir:	C:\Users\jcarlett\Downloads\WebScraperApp\out\artifacts\WebScraperApp\.
Bundled JRE:	JDK8\jre
Check launcher:	C:\Users\jcarlett\Downloads\WebScraperApp\out\artifacts\WebScraperApp\JDK8\jre\bin\javaw.exe (OK)
Launcher:	C:\Users\jcarlett\Downloads\WebScraperApp\out\artifacts\WebScraperApp\JDK8\jre\bin\javaw.exe
Launcher args:	-jar "C:\Users\jcarlett\Downloads\WebScraperApp\out\artifacts\WebScraperApp\FleetScraper.exe"
Args length:	93/32768 chars
Exit code:	0


Version:	3.6
CmdLine:	C:\Users\jcarlett\Downloads\WebScraperApp\out\artifacts\WebScraperApp\FleetScraper.exe --l4j-debug
WOW64:		yes
Working dir:	C:\Users\jcarlett\Downloads\WebScraperApp\out\artifacts\WebScraperApp\.
Bundled JRE:	JDK8\jre
Check launcher:	C:\Users\jcarlett\Downloads\WebScraperApp\out\artifacts\WebScraperApp\JDK8\jre\bin\javaw.exe (OK)
Launcher:	C:\Users\jcarlett\Downloads\WebScraperApp\out\artifacts\WebScraperApp\JDK8\jre\bin\javaw.exe
Launcher args:	-jar "C:\Users\jcarlett\Downloads\WebScraperApp\out\artifacts\WebScraperApp\FleetScraper.exe"
Args length:	93/32768 chars
Exit code:	0


Version:	3.6
CmdLine:	C:\Users\jcarlett\Downloads\WebScraperApp\out\artifacts\WebScraperApp\FleetScraper.exe --l4j-debug
WOW64:		yes
Working dir:	C:\Users\jcarlett\Downloads\WebScraperApp\out\artifacts\WebScraperApp\.
Bundled JRE:	JDK8\jre
Check launcher:	C:\Users\jcarlett\Downloads\WebScraperApp\out\artifacts\WebScraperApp\JDK8\jre\bin\javaw.exe (OK)
Launcher:	C:\Users\jcarlett\Downloads\WebScraperApp\out\artifacts\WebScraperApp\JDK8\jre\bin\javaw.exe
Launcher args:	-jar "C:\Users\jcarlett\Downloads\WebScraperApp\out\artifacts\WebScraperApp\FleetScraper.exe"
Args length:	93/32768 chars
Exit code:	0


Version:	3.6
CmdLine:	C:\Users\jcarlett\Downloads\WebScraperApp\out\artifacts\WebScraperApp\FleetScraper.exe --l4j-debug
WOW64:		yes
Working dir:	C:\Users\jcarlett\Downloads\WebScraperApp\out\artifacts\WebScraperApp\.
Bundled JRE:	JDK8\jre
Check launcher:	C:\Users\jcarlett\Downloads\WebScraperApp\out\artifacts\WebScraperApp\JDK8\jre\bin\javaw.exe (OK)
Launcher:	C:\Users\jcarlett\Downloads\WebScraperApp\out\artifacts\WebScraperApp\JDK8\jre\bin\javaw.exe
Launcher args:	-jar "C:\Users\jcarlett\Downloads\WebScraperApp\out\artifacts\WebScraperApp\FleetScraper.exe"
Args length:	93/32768 chars
Exit code:	0


Version:	3.6
CmdLine:	C:\Users\jcarlett\Downloads\WebScraperApp\out\artifacts\FleetScraper.exe --l4j-debug
WOW64:		yes
Working dir:	C:\Users\jcarlett\Downloads\WebScraperApp\out\artifacts\.
Bundled JRE:	JDK8\jre
Check launcher:	C:\Users\jcarlett\Downloads\WebScraperApp\out\artifacts\JDK8\jre\bin\javaw.exe (OK)
Launcher:	C:\Users\jcarlett\Downloads\WebScraperApp\out\artifacts\JDK8\jre\bin\javaw.exe
Launcher args:	-jar "C:\Users\jcarlett\Downloads\WebScraperApp\out\artifacts\FleetScraper.exe"
Args length:	79/32768 chars
Exit code:	0


Version:	3.6
CmdLine:	C:\Users\jcarlett\Downloads\WebScraperApp\out\artifacts\FleetScraper.exe --l4j-debug
WOW64:		yes
Working dir:	C:\Users\jcarlett\Downloads\WebScraperApp\out\artifacts\.
Bundled JRE:	JDK8\jre
Check launcher:	C:\Users\jcarlett\Downloads\WebScraperApp\out\artifacts\JDK8\jre\bin\javaw.exe (OK)
Launcher:	C:\Users\jcarlett\Downloads\WebScraperApp\out\artifacts\JDK8\jre\bin\javaw.exe
Launcher args:	-jar "C:\Users\jcarlett\Downloads\WebScraperApp\out\artifacts\FleetScraper.exe"
Args length:	79/32768 chars
Exit code:	0


Version:	3.6
CmdLine:	C:\Users\jcarlett\Downloads\WebScraperApp\out\artifacts\FleetScraper.exe --l4j-debug
WOW64:		yes
Working dir:	C:\Users\jcarlett\Downloads\WebScraperApp\out\artifacts\.
Bundled JRE:	JDK8\jre
Check launcher:	C:\Users\jcarlett\Downloads\WebScraperApp\out\artifacts\JDK8\jre\bin\javaw.exe (OK)
Launcher:	C:\Users\jcarlett\Downloads\WebScraperApp\out\artifacts\JDK8\jre\bin\javaw.exe
Launcher args:	-jar "C:\Users\jcarlett\Downloads\WebScraperApp\out\artifacts\FleetScraper.exe"
Args length:	79/32768 chars
Exit code:	0


Version:	3.6
CmdLine:	C:\Users\jcarlett\Downloads\WebScraperApp\out\artifacts\FleetScraper.exe --l4j-debug
WOW64:		yes
Working dir:	C:\Users\jcarlett\Downloads\WebScraperApp\out\artifacts\.
Bundled JRE:	JDK8\jre
Check launcher:	C:\Users\jcarlett\Downloads\WebScraperApp\out\artifacts\JDK8\jre\bin\javaw.exe (OK)
Launcher:	C:\Users\jcarlett\Downloads\WebScraperApp\out\artifacts\JDK8\jre\bin\javaw.exe
Launcher args:	-jar "C:\Users\jcarlett\Downloads\WebScraperApp\out\artifacts\FleetScraper.exe"
Args length:	79/32768 chars
Exit code:	0


Version:	3.6
CmdLine:	C:\Users\jcarlett\Downloads\WebScraperApp\out\artifacts\FleetScraper.exe --l4j-debug
WOW64:		yes
Working dir:	C:\Users\jcarlett\Downloads\WebScraperApp\out\artifacts\.
Bundled JRE:	JDK8\jre\
Check launcher:	C:\Users\jcarlett\Downloads\WebScraperApp\out\artifacts\JDK8\jre\bin\javaw.exe (OK)
Launcher:	C:\Users\jcarlett\Downloads\WebScraperApp\out\artifacts\JDK8\jre\bin\javaw.exe
Launcher args:	-jar "C:\Users\jcarlett\Downloads\WebScraperApp\out\artifacts\FleetScraper.exe"
Args length:	79/32768 chars
Exit code:	0


Version:	3.6
CmdLine:	C:\Users\jcarlett\Downloads\WebScraperApp\out\artifacts\FleetScraper.exe --l4j-debug
WOW64:		yes
Working dir:	C:\Users\jcarlett\Downloads\WebScraperApp\out\artifacts\.
Bundled JRE:	JDK8\jre\
Check launcher:	C:\Users\jcarlett\Downloads\WebScraperApp\out\artifacts\JDK8\jre\bin\javaw.exe (OK)
Launcher:	C:\Users\jcarlett\Downloads\WebScraperApp\out\artifacts\JDK8\jre\bin\javaw.exe
Launcher args:	-jar "C:\Users\jcarlett\Downloads\WebScraperApp\out\artifacts\FleetScraper.exe"
Args length:	79/32768 chars
Exit code:	0


Version:	3.6
CmdLine:	C:\Users\jcarlett\Downloads\WebScraperApp\out\artifacts\FleetScraper.exe --l4j-debug
WOW64:		yes
Working dir:	C:\Users\jcarlett\Downloads\WebScraperApp\out\artifacts\.
Bundled JRE:	JDK8\jre\
Check launcher:	C:\Users\jcarlett\Downloads\WebScraperApp\out\artifacts\JDK8\jre\bin\javaw.exe (OK)
Launcher:	C:\Users\jcarlett\Downloads\WebScraperApp\out\artifacts\JDK8\jre\bin\javaw.exe
Launcher args:	-jar "C:\Users\jcarlett\Downloads\WebScraperApp\out\artifacts\FleetScraper.exe"
Args length:	79/32768 chars
Exit code:	0


Version:	3.6
CmdLine:	C:\Users\jcarlett\Downloads\WebScraperApp\out\artifacts\FleetScraper.exe --l4j-debug
WOW64:		yes
Working dir:	C:\Users\jcarlett\Downloads\WebScraperApp\out\artifacts\.
Bundled JRE:	JDK8\jre\
Check launcher:	C:\Users\jcarlett\Downloads\WebScraperApp\out\artifacts\JDK8\jre\bin\javaw.exe (OK)
Launcher:	C:\Users\jcarlett\Downloads\WebScraperApp\out\artifacts\JDK8\jre\bin\javaw.exe
Launcher args:	-jar "C:\Users\jcarlett\Downloads\WebScraperApp\out\artifacts\FleetScraper.exe"
Args length:	79/32768 chars
Exit code:	0


Version:	3.6
CmdLine:	C:\Users\jcarlett\Downloads\WebScraperApp\out\artifacts\FleetScraper.exe --l4j-debug
WOW64:		yes
Working dir:	C:\Users\jcarlett\Downloads\WebScraperApp\out\artifacts\.
Bundled JRE:	JDK8\jre\
Check launcher:	C:\Users\jcarlett\Downloads\WebScraperApp\out\artifacts\JDK8\jre\bin\javaw.exe (OK)
Launcher:	C:\Users\jcarlett\Downloads\WebScraperApp\out\artifacts\JDK8\jre\bin\javaw.exe
Launcher args:	-jar "C:\Users\jcarlett\Downloads\WebScraperApp\out\artifacts\FleetScraper.exe"
Args length:	79/32768 chars
Exit code:	0


Version:	3.6
CmdLine:	C:\Users\jcarlett\Downloads\WebScraperApp\out\artifacts\FleetScraper.exe --l4j-debug
WOW64:		yes
Working dir:	C:\Users\jcarlett\Downloads\WebScraperApp\out\artifacts\.
Bundled JRE:	JDK8\jre\
Check launcher:	C:\Users\jcarlett\Downloads\WebScraperApp\out\artifacts\JDK8\jre\bin\javaw.exe (OK)
Launcher:	C:\Users\jcarlett\Downloads\WebScraperApp\out\artifacts\JDK8\jre\bin\javaw.exe
Launcher args:	-jar "C:\Users\jcarlett\Downloads\WebScraperApp\out\artifacts\FleetScraper.exe"
Args length:	79/32768 chars
Exit code:	0


Version:	3.6
CmdLine:	C:\Users\jcarlett\Downloads\WebScraperApp\out\artifacts\FleetScraper.exe --l4j-debug
WOW64:		yes
Working dir:	C:\Users\jcarlett\Downloads\WebScraperApp\out\artifacts\.
Bundled JRE:	JDK8\jre\
Check launcher:	C:\Users\jcarlett\Downloads\WebScraperApp\out\artifacts\JDK8\jre\bin\javaw.exe (OK)
Launcher:	C:\Users\jcarlett\Downloads\WebScraperApp\out\artifacts\JDK8\jre\bin\javaw.exe
Launcher args:	-jar "C:\Users\jcarlett\Downloads\WebScraperApp\out\artifacts\FleetScraper.exe"
Args length:	79/32768 chars
Exit code:	0


Version:	3.6
CmdLine:	C:\Users\jcarlett\Downloads\WebScraperApp\out\artifacts\FleetScraper.exe --l4j-debug
WOW64:		yes
Working dir:	C:\Users\jcarlett\Downloads\WebScraperApp\out\artifacts\.
Bundled JRE:	JDK8\jre\
Check launcher:	C:\Users\jcarlett\Downloads\WebScraperApp\out\artifacts\JDK8\jre\bin\javaw.exe (OK)
Launcher:	C:\Users\jcarlett\Downloads\WebScraperApp\out\artifacts\JDK8\jre\bin\javaw.exe
Launcher args:	-jar "C:\Users\jcarlett\Downloads\WebScraperApp\out\artifacts\WebScraperApp\WebScraperApp.jar"
Args length:	94/32768 chars
Exit code:	0


Version:	3.6
CmdLine:	C:\Users\jcarlett\Downloads\WebScraperApp\out\artifacts\FleetScraper.exe --l4j-debug
WOW64:		yes
Working dir:	C:\Users\jcarlett\Downloads\WebScraperApp\out\artifacts\.
Bundled JRE:	JDK8\jre\
Check launcher:	C:\Users\jcarlett\Downloads\WebScraperApp\out\artifacts\JDK8\jre\bin\javaw.exe (OK)
Launcher:	C:\Users\jcarlett\Downloads\WebScraperApp\out\artifacts\JDK8\jre\bin\javaw.exe
Launcher args:	-jar "C:\Users\jcarlett\Downloads\WebScraperApp\out\artifacts\FleetScraper.exe"
Args length:	79/32768 chars
Exit code:	0


Version:	3.6
CmdLine:	C:\Users\jcarlett\Downloads\WebScraperApp\out\artifacts\FleetScraper.exe --l4j-debug
WOW64:		yes
Working dir:	C:\Users\jcarlett\Downloads\WebScraperApp\out\artifacts\.
Bundled JRE:	JDK8\jre\
Check launcher:	C:\Users\jcarlett\Downloads\WebScraperApp\out\artifacts\JDK8\jre\bin\javaw.exe (OK)
Launcher:	C:\Users\jcarlett\Downloads\WebScraperApp\out\artifacts\JDK8\jre\bin\javaw.exe
Launcher args:	-jar "C:\Users\jcarlett\Downloads\WebScraperApp\out\artifacts\FleetScraper.exe"
Args length:	79/32768 chars
Exit code:	0


Version:	3.6
CmdLine:	C:\Users\jcarlett\Downloads\WebScraperApp\out\artifacts\FleetScraper.exe --l4j-debug
WOW64:		yes
Working dir:	C:\Users\jcarlett\Downloads\WebScraperApp\out\artifacts\.
Bundled JRE:	JDK8\jre\
Check launcher:	C:\Users\jcarlett\Downloads\WebScraperApp\out\artifacts\JDK8\jre\bin\javaw.exe (OK)
Launcher:	C:\Users\jcarlett\Downloads\WebScraperApp\out\artifacts\JDK8\jre\bin\javaw.exe
Launcher args:	-jar "C:\Users\jcarlett\Downloads\WebScraperApp\out\artifacts\FleetScraper.exe"
Args length:	79/32768 chars
Exit code:	0


Version:	3.6
CmdLine:	C:\Users\jcarlett\Downloads\WebScraperApp\out\artifacts\FleetScraper.exe --l4j-debug
WOW64:		yes
Working dir:	C:\Users\jcarlett\Downloads\WebScraperApp\out\artifacts\.
Bundled JRE:	JDK8\jre\
Check launcher:	C:\Users\jcarlett\Downloads\WebScraperApp\out\artifacts\JDK8\jre\bin\javaw.exe (OK)
Launcher:	C:\Users\jcarlett\Downloads\WebScraperApp\out\artifacts\JDK8\jre\bin\javaw.exe
Launcher args:	-jar "C:\Users\jcarlett\Downloads\WebScraperApp\out\artifacts\FleetScraper.exe"
Args length:	79/32768 chars
Exit code:	0


Version:	3.6
CmdLine:	C:\Users\jcarlett\Downloads\WebScraperApp\out\artifacts\FleetScraper.exe --l4j-debug
WOW64:		yes
Working dir:	C:\Users\jcarlett\Downloads\WebScraperApp\out\artifacts\.
Bundled JRE:	JDK8\jre\
Check launcher:	C:\Users\jcarlett\Downloads\WebScraperApp\out\artifacts\JDK8\jre\bin\javaw.exe (OK)
Launcher:	C:\Users\jcarlett\Downloads\WebScraperApp\out\artifacts\JDK8\jre\bin\javaw.exe
Launcher args:	-jar "C:\Users\jcarlett\Downloads\WebScraperApp\out\artifacts\FleetScraper.exe"
Args length:	79/32768 chars
Exit code:	0


Version:	3.6
CmdLine:	C:\Users\jcarlett\Downloads\WebScraperApp\out\artifacts\FleetScraper.exe --l4j-debug
WOW64:		yes
Working dir:	C:\Users\jcarlett\Downloads\WebScraperApp\out\artifacts\.
Bundled JRE:	JDK8\jre\
Check launcher:	C:\Users\jcarlett\Downloads\WebScraperApp\out\artifacts\JDK8\jre\bin\javaw.exe (OK)
Launcher:	C:\Users\jcarlett\Downloads\WebScraperApp\out\artifacts\JDK8\jre\bin\javaw.exe
Launcher args:	-jar "C:\Users\jcarlett\Downloads\WebScraperApp\out\artifacts\FleetScraper.exe"
Args length:	79/32768 chars
Exit code:	0


Version:	3.6
CmdLine:	C:\Users\jcarlett\Downloads\WebScraperApp\out\artifacts\FleetScraper.exe --l4j-debug
WOW64:		yes
Working dir:	C:\Users\jcarlett\Downloads\WebScraperApp\out\artifacts\.
Bundled JRE:	JDK8\jre\
Check launcher:	C:\Users\jcarlett\Downloads\WebScraperApp\out\artifacts\JDK8\jre\bin\javaw.exe (OK)
Launcher:	C:\Users\jcarlett\Downloads\WebScraperApp\out\artifacts\JDK8\jre\bin\javaw.exe
Launcher args:	-jar "C:\Users\jcarlett\Downloads\WebScraperApp\out\artifacts\FleetScraper.exe"
Args length:	79/32768 chars
Exit code:	0
